<?xml version="1.0" encoding="UTF-8"?>
<testng-results skipped="0" failed="0" ignored="0" total="3" passed="3">
  <reporter-output>
  </reporter-output>
  <suite name="Default suite" duration-ms="29687" started-at="2021-05-23T23:03:59 PDT" finished-at="2021-05-23T23:04:29 PDT">
    <groups>
    </groups>
    <test name="Default test" duration-ms="29687" started-at="2021-05-23T23:03:59 PDT" finished-at="2021-05-23T23:04:29 PDT">
      <class name="Test.ET">
        <test-method status="PASS" signature="setUp()[pri:0, instance:Test.ET@7113b13f]" name="setUp" is-config="true" duration-ms="104" started-at="2021-05-23T23:03:59 PDT" finished-at="2021-05-23T23:03:59 PDT">
          <reporter-output>
          </reporter-output>
        </test-method> <!-- setUp -->
        <test-method status="PASS" signature="setUptest()[pri:0, instance:Test.ET@7113b13f]" name="setUptest" is-config="true" duration-ms="2709" started-at="2021-05-23T23:03:59 PDT" finished-at="2021-05-23T23:04:02 PDT">
          <reporter-output>
          </reporter-output>
        </test-method> <!-- setUptest -->
        <test-method status="PASS" signature="test1()[pri:0, instance:Test.ET@7113b13f]" name="test1" duration-ms="9204" started-at="2021-05-23T23:04:02 PDT" finished-at="2021-05-23T23:04:11 PDT">
          <reporter-output>
          </reporter-output>
        </test-method> <!-- test1 -->
        <test-method status="PASS" signature="test2()[pri:0, instance:Test.ET@7113b13f]" name="test2" duration-ms="7147" started-at="2021-05-23T23:04:11 PDT" finished-at="2021-05-23T23:04:19 PDT">
          <reporter-output>
          </reporter-output>
        </test-method> <!-- test2 -->
        <test-method status="PASS" signature="test3()[pri:0, instance:Test.ET@7113b13f]" name="test3" duration-ms="9809" started-at="2021-05-23T23:04:19 PDT" finished-at="2021-05-23T23:04:28 PDT">
          <reporter-output>
          </reporter-output>
        </test-method> <!-- test3 -->
        <test-method status="PASS" signature="tearDownTest()[pri:0, instance:Test.ET@7113b13f]" name="tearDownTest" is-config="true" duration-ms="745" started-at="2021-05-23T23:04:28 PDT" finished-at="2021-05-23T23:04:29 PDT">
          <reporter-output>
          </reporter-output>
        </test-method> <!-- tearDownTest -->
        <test-method status="PASS" signature="tearDown()[pri:0, instance:Test.ET@7113b13f]" name="tearDown" is-config="true" duration-ms="298" started-at="2021-05-23T23:04:29 PDT" finished-at="2021-05-23T23:04:29 PDT">
          <reporter-output>
          </reporter-output>
        </test-method> <!-- tearDown -->
      </class> <!-- Test.ET -->
    </test> <!-- Default test -->
  </suite> <!-- Default suite -->
</testng-results>
